Using pre-set license
Built from '2020.2/release' branch; Version is '2020.2.2f1 (068178b99f32) revision 426360'; Using compiler version '192528614'; Build Type 'Release'
OS: 'Windows 10 Education; OS build 19042.746; Version 2009; 64bit' Language: 'ko' Physical Memory: 16297 MB
BatchMode: 1, IsHumanControllingUs: 0, StartBugReporterOnCrash: 0, Is64bit: 1, IsPro: 0

 COMMAND LINE ARGUMENTS:
C:\Program Files\Unity\Hub\Editor\2020.2.2f1\Editor\Unity.exe
-adb2
-batchMode
-noUpm
-name
AssetImportWorker0
-projectPath
C:/Users/이채연/Documents/GitHub/GAMEPIC/21-01-25
-logFile
Logs/AssetImportWorker0.log
-srvPort
56847
Successfully changed project path to: C:/Users/이채연/Documents/GitHub/GAMEPIC/21-01-25
C:/Users/이채연/Documents/GitHub/GAMEPIC/21-01-25
Using Asset Import Pipeline V2.
Refreshing native plugins compatible for Editor in 40.35 ms, found 1 plugins.
Preloading 0 native plugins for Editor in 0.00 ms.
Initialize engine version: 2020.2.2f1 (068178b99f32)
[Subsystems] Discovering subsystems at path C:/Program Files/Unity/Hub/Editor/2020.2.2f1/Editor/Data/Resources/UnitySubsystems
[Subsystems] Discovering subsystems at path C:/Users/이채연/Documents/GitHub/GAMEPIC/21-01-25/Assets
GfxDevice: creating device client; threaded=0
Direct3D:
    Version:  Direct3D 11.0 [level 11.1]
    Renderer: NVIDIA GeForce GTX 1660 SUPER (ID=0x21c4)
    Vendor:   
    VRAM:     5991 MB
    Driver:   27.21.14.5671
Initialize mono
Mono path[0] = 'C:/Program Files/Unity/Hub/Editor/2020.2.2f1/Editor/Data/Managed'
Mono path[1] = 'C:/Program Files/Unity/Hub/Editor/2020.2.2f1/Editor/Data/MonoBleedingEdge/lib/mono/unityjit'
Mono config path = 'C:/Program Files/Unity/Hub/Editor/2020.2.2f1/Editor/Data/MonoBleedingEdge/etc'
Using monoOptions --debugger-agent=transport=dt_socket,embedding=1,server=y,suspend=n,address=127.0.0.1:56352
Begin MonoManager ReloadAssembly
Registering precompiled unity dll's ...
Register platform support module: C:/Program Files/Unity/Hub/Editor/2020.2.2f1/Editor/Data/PlaybackEngines/WindowsStandaloneSupport/UnityEditor.WindowsStandalone.Extensions.dll
Registered in 0.001577 seconds.
Native extension for WindowsStandalone target not found
Refreshing native plugins compatible for Editor in 40.91 ms, found 1 plugins.
Preloading 0 native plugins for Editor in 0.00 ms.
Invoked RoslynAnalysisRunner static constructor.
RoslynAnalysisRunner will not be running.
RoslynAnalysisRunner has terminated.
Mono: successfully reloaded assembly
- Completed reload, in  0.898 seconds
Platform modules already initialized, skipping
Registering precompiled user dll's ...
Registered in 0.000887 seconds.
Begin MonoManager ReloadAssembly
Native extension for WindowsStandalone target not found
Refreshing native plugins compatible for Editor in 41.69 ms, found 1 plugins.
Preloading 0 native plugins for Editor in 0.00 ms.
Invoked RoslynAnalysisRunner static constructor.
RoslynAnalysisRunner will not be running.
RoslynAnalysisRunner has terminated.
Mono: successfully reloaded assembly
- Completed reload, in  0.848 seconds
Platform modules already initialized, skipping
========================================================================
Worker process is ready to serve import requests
Launched and connected shader compiler UnityShaderCompiler.exe after 0.03 seconds
Refreshing native plugins compatible for Editor in 0.43 ms, found 1 plugins.
Preloading 0 native plugins for Editor in 0.00 ms.
Unloading 2564 Unused Serialized files (Serialized files now loaded: 0)
System memory in use before: 107.1 MB.
System memory in use after: 107.3 MB.

Unloading 19 unused Assets to reduce memory usage. Loaded Objects now: 3011.
Total: 1.965800 ms (FindLiveObjects: 0.321900 ms CreateObjectMapping: 0.171800 ms MarkObjects: 1.418100 ms  DeleteObjects: 0.052700 ms)

========================================================================
Received Import Request.
  path: Assets/Sprites/캐릭터모음/dav_sho.png
  artifactKey: Guid(90f1044f47709e8409f07e8ab59c8a38) Importer(815301076,1909f56bfc062723c751e8b465ee728b)
Start importing Assets/Sprites/캐릭터모음/dav_sho.png using Guid(90f1044f47709e8409f07e8ab59c8a38) Importer(815301076,1909f56bfc062723c751e8b465ee728b)  -> (artifact id: '0466013cc63cd5b29564bd5a1e344ebb') in 0.102150 seconds
  Import took 0.105715 seconds .

========================================================================
Received Import Request.
  Time since last request: 0.000142 seconds.
  path: Assets/Sprites/캐릭터모음/zack.png
  artifactKey: Guid(355f53affd4fb1c4793c157719595d1c) Importer(815301076,1909f56bfc062723c751e8b465ee728b)
Start importing Assets/Sprites/캐릭터모음/zack.png using Guid(355f53affd4fb1c4793c157719595d1c) Importer(815301076,1909f56bfc062723c751e8b465ee728b)  -> (artifact id: 'f1208d0441a76d64f0285d360534951f') in 0.013910 seconds
  Import took 0.017271 seconds .

========================================================================
Received Import Request.
  Time since last request: 0.000132 seconds.
  path: Assets/Sprites/캐릭터모음/oliv_sad.png
  artifactKey: Guid(f2ae1f388aa7edb4d8c20d144f693df0) Importer(815301076,1909f56bfc062723c751e8b465ee728b)
Start importing Assets/Sprites/캐릭터모음/oliv_sad.png using Guid(f2ae1f388aa7edb4d8c20d144f693df0) Importer(815301076,1909f56bfc062723c751e8b465ee728b)  -> (artifact id: '2c58df307acb783f6472276c4750b0bc') in 0.014480 seconds
  Import took 0.017976 seconds .

========================================================================
Received Import Request.
  Time since last request: 0.000132 seconds.
  path: Assets/Sprites/캐릭터모음/zack_sad.png
  artifactKey: Guid(fb10815eae135c347a81eeb379c1cbed) Importer(815301076,1909f56bfc062723c751e8b465ee728b)
Start importing Assets/Sprites/캐릭터모음/zack_sad.png using Guid(fb10815eae135c347a81eeb379c1cbed) Importer(815301076,1909f56bfc062723c751e8b465ee728b)  -> (artifact id: 'b88138e4b08c7bab197d955259555c35') in 0.014423 seconds
  Import took 0.017911 seconds .

========================================================================
Received Import Request.
  Time since last request: 0.000162 seconds.
  path: Assets/Sprites/캐릭터모음/luk_drunk.png
  artifactKey: Guid(eaa9f0c06a662b349acde8ee43e639cf) Importer(815301076,1909f56bfc062723c751e8b465ee728b)
Start importing Assets/Sprites/캐릭터모음/luk_drunk.png using Guid(eaa9f0c06a662b349acde8ee43e639cf) Importer(815301076,1909f56bfc062723c751e8b465ee728b)  -> (artifact id: '9914ae722bb05526f637b56a456064d5') in 0.014451 seconds
  Import took 0.017966 seconds .

========================================================================
Received Import Request.
  Time since last request: 0.000162 seconds.
  path: Assets/Sprites/캐릭터모음/zero_happy.png
  artifactKey: Guid(4f5bc09885ba9e94fa97a874fcb56023) Importer(815301076,1909f56bfc062723c751e8b465ee728b)
Start importing Assets/Sprites/캐릭터모음/zero_happy.png using Guid(4f5bc09885ba9e94fa97a874fcb56023) Importer(815301076,1909f56bfc062723c751e8b465ee728b)  -> (artifact id: '4d5d1f0518de4c6ec119d717c31d0d22') in 0.014182 seconds
  Import took 0.017549 seconds .

========================================================================
Received Import Request.
  Time since last request: 0.000155 seconds.
  path: Assets/Sprites/캐릭터모음/oliv_happy.png
  artifactKey: Guid(f82518b6140004d4a93770bbfe6477c1) Importer(815301076,1909f56bfc062723c751e8b465ee728b)
Start importing Assets/Sprites/캐릭터모음/oliv_happy.png using Guid(f82518b6140004d4a93770bbfe6477c1) Importer(815301076,1909f56bfc062723c751e8b465ee728b)  -> (artifact id: '9f203119188537c099a6cda09e85b9dd') in 0.014886 seconds
  Import took 0.018618 seconds .

========================================================================
Received Import Request.
  Time since last request: 0.000151 seconds.
  path: Assets/Sprites/캐릭터모음/luk_happy.png
  artifactKey: Guid(b1c4885b23ea94d4fac28f1f722bed40) Importer(815301076,1909f56bfc062723c751e8b465ee728b)
Start importing Assets/Sprites/캐릭터모음/luk_happy.png using Guid(b1c4885b23ea94d4fac28f1f722bed40) Importer(815301076,1909f56bfc062723c751e8b465ee728b)  -> (artifact id: '699e1f3321651fea26a332bf6012b6de') in 0.014429 seconds
  Import took 0.018014 seconds .

========================================================================
Received Import Request.
  Time since last request: 0.000118 seconds.
  path: Assets/Sprites/캐릭터모음/oliv_sho.png
  artifactKey: Guid(0fc56f2aba5d6f142bb478695021b720) Importer(815301076,1909f56bfc062723c751e8b465ee728b)
Start importing Assets/Sprites/캐릭터모음/oliv_sho.png using Guid(0fc56f2aba5d6f142bb478695021b720) Importer(815301076,1909f56bfc062723c751e8b465ee728b)  -> (artifact id: '75298dfbba1b1cfbbb3a8d373015fd0d') in 0.015565 seconds
  Import took 0.018860 seconds .

========================================================================
Received Import Request.
  Time since last request: 0.000127 seconds.
  path: Assets/Sprites/캐릭터모음/oliv.png
  artifactKey: Guid(f61e6675d6038d14999871203f7f7469) Importer(815301076,1909f56bfc062723c751e8b465ee728b)
Start importing Assets/Sprites/캐릭터모음/oliv.png using Guid(f61e6675d6038d14999871203f7f7469) Importer(815301076,1909f56bfc062723c751e8b465ee728b)  -> (artifact id: '39493f253b66b0a527487b6e48170b7e') in 0.015047 seconds
  Import took 0.018497 seconds .

========================================================================
Received Import Request.
  Time since last request: 0.000157 seconds.
  path: Assets/Sprites/캐릭터모음/zack_drunk.png
  artifactKey: Guid(dbc1e6cf6a9ea2944b8f9b74191e463c) Importer(815301076,1909f56bfc062723c751e8b465ee728b)
Start importing Assets/Sprites/캐릭터모음/zack_drunk.png using Guid(dbc1e6cf6a9ea2944b8f9b74191e463c) Importer(815301076,1909f56bfc062723c751e8b465ee728b)  -> (artifact id: 'ab3e3ec593539af4602539b6dbdb94ca') in 0.014293 seconds
  Import took 0.017648 seconds .

========================================================================
Received Import Request.
  Time since last request: 0.000130 seconds.
  path: Assets/Sprites/캐릭터모음/zack_happy.png
  artifactKey: Guid(80ffea8993731664f9041643f9e05927) Importer(815301076,1909f56bfc062723c751e8b465ee728b)
Start importing Assets/Sprites/캐릭터모음/zack_happy.png using Guid(80ffea8993731664f9041643f9e05927) Importer(815301076,1909f56bfc062723c751e8b465ee728b)  -> (artifact id: 'eba32b184e4ea4bb9511d00a66d307d2') in 0.014332 seconds
  Import took 0.017630 seconds .

========================================================================
Received Import Request.
  Time since last request: 0.000123 seconds.
  path: Assets/Sprites/캐릭터모음/oliv_mad.png
  artifactKey: Guid(109dd54b10ce039488950c4ac959e15a) Importer(815301076,1909f56bfc062723c751e8b465ee728b)
Start importing Assets/Sprites/캐릭터모음/oliv_mad.png using Guid(109dd54b10ce039488950c4ac959e15a) Importer(815301076,1909f56bfc062723c751e8b465ee728b)  -> (artifact id: 'd56e0b0a919c289934c6e7597096fc3f') in 0.014463 seconds
  Import took 0.017707 seconds .

========================================================================
Received Import Request.
  Time since last request: 0.000120 seconds.
  path: Assets/Sprites/캐릭터모음/dav_sad.png
  artifactKey: Guid(543d4db1cdab5cc48ab7e30f39a2094b) Importer(815301076,1909f56bfc062723c751e8b465ee728b)
Start importing Assets/Sprites/캐릭터모음/dav_sad.png using Guid(543d4db1cdab5cc48ab7e30f39a2094b) Importer(815301076,1909f56bfc062723c751e8b465ee728b)  -> (artifact id: 'c0966d4d6075b1f9e756e503aaf839ca') in 0.015875 seconds
  Import took 0.019238 seconds .

========================================================================
Received Import Request.
  Time since last request: 0.000121 seconds.
  path: Assets/Sprites/캐릭터모음/luk.png
  artifactKey: Guid(316d74939894e504dbb4e55cac53f919) Importer(815301076,1909f56bfc062723c751e8b465ee728b)
Start importing Assets/Sprites/캐릭터모음/luk.png using Guid(316d74939894e504dbb4e55cac53f919) Importer(815301076,1909f56bfc062723c751e8b465ee728b)  -> (artifact id: '48fa163abd0c55510599fba56db96de0') in 0.014348 seconds
  Import took 0.017688 seconds .

========================================================================
Received Import Request.
  Time since last request: 0.000165 seconds.
  path: Assets/Sprites/캐릭터모음/dav_mad.png
  artifactKey: Guid(4e56ffa95246e15428aef1aca4f77b9f) Importer(815301076,1909f56bfc062723c751e8b465ee728b)
Start importing Assets/Sprites/캐릭터모음/dav_mad.png using Guid(4e56ffa95246e15428aef1aca4f77b9f) Importer(815301076,1909f56bfc062723c751e8b465ee728b)  -> (artifact id: 'b695d04b39e77f2730b5004f19bba1ff') in 0.015303 seconds
  Import took 0.018872 seconds .

========================================================================
Received Import Request.
  Time since last request: 0.000221 seconds.
  path: Assets/Sprites/캐릭터모음/dav_drunk.png
  artifactKey: Guid(ecfd8c824d75413478dd2b9d8f79af2c) Importer(815301076,1909f56bfc062723c751e8b465ee728b)
Start importing Assets/Sprites/캐릭터모음/dav_drunk.png using Guid(ecfd8c824d75413478dd2b9d8f79af2c) Importer(815301076,1909f56bfc062723c751e8b465ee728b)  -> (artifact id: 'd3b48496be1787d379f0d0f367ab662e') in 0.014269 seconds
  Import took 0.017811 seconds .

========================================================================
Received Import Request.
  Time since last request: 0.000147 seconds.
  path: Assets/Sprites/캐릭터모음/jake_happy.png
  artifactKey: Guid(c68ce5cc7fedc1f4fa5295ee2153d972) Importer(815301076,1909f56bfc062723c751e8b465ee728b)
Start importing Assets/Sprites/캐릭터모음/jake_happy.png using Guid(c68ce5cc7fedc1f4fa5295ee2153d972) Importer(815301076,1909f56bfc062723c751e8b465ee728b)  -> (artifact id: 'd2d6607d5bb0fc786569dfc425a30278') in 0.014091 seconds
  Import took 0.017453 seconds .

========================================================================
Received Import Request.
  Time since last request: 0.000116 seconds.
  path: Assets/Sprites/캐릭터모음/jake.png
  artifactKey: Guid(a58078cd1ef19834cbfb4c9465e3ef76) Importer(815301076,1909f56bfc062723c751e8b465ee728b)
Start importing Assets/Sprites/캐릭터모음/jake.png using Guid(a58078cd1ef19834cbfb4c9465e3ef76) Importer(815301076,1909f56bfc062723c751e8b465ee728b)  -> (artifact id: '5851623fb00c7b5fe933db809aa0c943') in 0.014826 seconds
  Import took 0.018108 seconds .

========================================================================
Received Import Request.
  Time since last request: 0.000132 seconds.
  path: Assets/Sprites/캐릭터모음/zack_sho.png
  artifactKey: Guid(fd8f2d2663372774ab40f55885bc858a) Importer(815301076,1909f56bfc062723c751e8b465ee728b)
Start importing Assets/Sprites/캐릭터모음/zack_sho.png using Guid(fd8f2d2663372774ab40f55885bc858a) Importer(815301076,1909f56bfc062723c751e8b465ee728b)  -> (artifact id: '2e3057296571aaba80302207555855f3') in 0.015679 seconds
  Import took 0.018939 seconds .

========================================================================
Received Import Request.
  Time since last request: 0.000158 seconds.
  path: Assets/Sprites/캐릭터모음/zero.png
  artifactKey: Guid(eb1c89e57adb55d45849f5a31ee3a103) Importer(815301076,1909f56bfc062723c751e8b465ee728b)
Start importing Assets/Sprites/캐릭터모음/zero.png using Guid(eb1c89e57adb55d45849f5a31ee3a103) Importer(815301076,1909f56bfc062723c751e8b465ee728b)  -> (artifact id: 'fabcb79aa294fe71f1da894cac02a48c') in 0.015001 seconds
  Import took 0.018311 seconds .

========================================================================
Received Import Request.
  Time since last request: 0.000144 seconds.
  path: Assets/Sprites/캐릭터모음/oliv.drunk.png
  artifactKey: Guid(c627edb835f7b1042830119ef1133c04) Importer(815301076,1909f56bfc062723c751e8b465ee728b)
Start importing Assets/Sprites/캐릭터모음/oliv.drunk.png using Guid(c627edb835f7b1042830119ef1133c04) Importer(815301076,1909f56bfc062723c751e8b465ee728b)  -> (artifact id: '112a0b2472fcd5300d168700e36bb059') in 0.015329 seconds
  Import took 0.018981 seconds .

========================================================================
Received Import Request.
  Time since last request: 0.000136 seconds.
  path: Assets/Sprites/캐릭터모음/dav.png
  artifactKey: Guid(5dc7487ea0271dc4d8d4cb3759b8bc47) Importer(815301076,1909f56bfc062723c751e8b465ee728b)
Start importing Assets/Sprites/캐릭터모음/dav.png using Guid(5dc7487ea0271dc4d8d4cb3759b8bc47) Importer(815301076,1909f56bfc062723c751e8b465ee728b)  -> (artifact id: 'bd776e00b0d375d2b2b7ac0f4b7b554e') in 0.018267 seconds
  Import took 0.021794 seconds .

========================================================================
Received Import Request.
  Time since last request: 0.000141 seconds.
  path: Assets/Sprites/캐릭터모음/jake_mad.png
  artifactKey: Guid(cdcd2d6d232812248aa24e192d66920b) Importer(815301076,1909f56bfc062723c751e8b465ee728b)
Start importing Assets/Sprites/캐릭터모음/jake_mad.png using Guid(cdcd2d6d232812248aa24e192d66920b) Importer(815301076,1909f56bfc062723c751e8b465ee728b)  -> (artifact id: '083915d82ad4e2ef25a88d545f5df5f9') in 0.014759 seconds
  Import took 0.018261 seconds .

========================================================================
Received Import Request.
  Time since last request: 0.000141 seconds.
  path: Assets/Sprites/캐릭터모음/servant.png
  artifactKey: Guid(eaa23b9641f964444b2a08910fc12dca) Importer(815301076,1909f56bfc062723c751e8b465ee728b)
Start importing Assets/Sprites/캐릭터모음/servant.png using Guid(eaa23b9641f964444b2a08910fc12dca) Importer(815301076,1909f56bfc062723c751e8b465ee728b)  -> (artifact id: 'e4097c0f04cc8b1b5862d30e25c28423') in 0.015508 seconds
  Import took 0.018893 seconds .

========================================================================
Received Import Request.
  Time since last request: 0.000129 seconds.
  path: Assets/Sprites/캐릭터모음/dav_happy.png
  artifactKey: Guid(925bc3239e887a14bbf610ba4a93530a) Importer(815301076,1909f56bfc062723c751e8b465ee728b)
Start importing Assets/Sprites/캐릭터모음/dav_happy.png using Guid(925bc3239e887a14bbf610ba4a93530a) Importer(815301076,1909f56bfc062723c751e8b465ee728b)  -> (artifact id: '02a95e9689cd2b14f6d28d6a7d654cec') in 0.013818 seconds
  Import took 0.017193 seconds .

========================================================================
Received Import Request.
  Time since last request: 0.000179 seconds.
  path: Assets/Sprites/캐릭터모음/zero_mad.png
  artifactKey: Guid(5993bba6f9a31c14d94b18c1c2651c2a) Importer(815301076,1909f56bfc062723c751e8b465ee728b)
Start importing Assets/Sprites/캐릭터모음/zero_mad.png using Guid(5993bba6f9a31c14d94b18c1c2651c2a) Importer(815301076,1909f56bfc062723c751e8b465ee728b)  -> (artifact id: '2bd57414f641e510eb532d90395b993d') in 0.014463 seconds
  Import took 0.018023 seconds .

========================================================================
Received Import Request.
  Time since last request: 0.000211 seconds.
  path: Assets/Sprites/캐릭터모음/jake_sho.png
  artifactKey: Guid(d16d702d42273514b8f7391ae9bf47f2) Importer(815301076,1909f56bfc062723c751e8b465ee728b)
Start importing Assets/Sprites/캐릭터모음/jake_sho.png using Guid(d16d702d42273514b8f7391ae9bf47f2) Importer(815301076,1909f56bfc062723c751e8b465ee728b)  -> (artifact id: '91b3f2a05371054aea3e7b0890252638') in 0.014716 seconds
  Import took 0.017982 seconds .

========================================================================
Received Import Request.
  Time since last request: 0.000125 seconds.
  path: Assets/Sprites/캐릭터모음/luk_mad.png
  artifactKey: Guid(290218382fbf7a84eb575a77d1769118) Importer(815301076,1909f56bfc062723c751e8b465ee728b)
Start importing Assets/Sprites/캐릭터모음/luk_mad.png using Guid(290218382fbf7a84eb575a77d1769118) Importer(815301076,1909f56bfc062723c751e8b465ee728b)  -> (artifact id: 'edb8a2309ee31c94b61151c3ff473a02') in 0.014669 seconds
  Import took 0.017966 seconds .

========================================================================
Received Import Request.
  Time since last request: 0.000160 seconds.
  path: Assets/Sprites/캐릭터모음/jake_sho.png
  artifactKey: Guid(d16d702d42273514b8f7391ae9bf47f2) Importer(815301076,1909f56bfc062723c751e8b465ee728b)
Start importing Assets/Sprites/캐릭터모음/jake_sho.png using Guid(d16d702d42273514b8f7391ae9bf47f2) Importer(815301076,1909f56bfc062723c751e8b465ee728b)  -> (artifact id: '91b3f2a05371054aea3e7b0890252638') in 0.010989 seconds
  Import took 0.014410 seconds .

========================================================================
Received Import Request.
  Time since last request: 0.000123 seconds.
  path: Assets/Sprites/캐릭터모음/zero_sad.png
  artifactKey: Guid(02a6c2d19a332214aacf870db49d4020) Importer(815301076,1909f56bfc062723c751e8b465ee728b)
Start importing Assets/Sprites/캐릭터모음/zero_sad.png using Guid(02a6c2d19a332214aacf870db49d4020) Importer(815301076,1909f56bfc062723c751e8b465ee728b)  -> (artifact id: 'e710a140e0f00228b879b8256bad3de7') in 0.015037 seconds
  Import took 0.018431 seconds .

========================================================================
Received Import Request.
  Time since last request: 0.000121 seconds.
  path: Assets/Sprites/캐릭터모음/zack_mad.png
  artifactKey: Guid(dd22f5dec5a0328439e4174b7140f666) Importer(815301076,1909f56bfc062723c751e8b465ee728b)
Start importing Assets/Sprites/캐릭터모음/zack_mad.png using Guid(dd22f5dec5a0328439e4174b7140f666) Importer(815301076,1909f56bfc062723c751e8b465ee728b)  -> (artifact id: 'aaf84be548689b4ae67ff5673493ccde') in 0.014428 seconds
  Import took 0.017743 seconds .

========================================================================
Received Prepare
Registering precompiled user dll's ...
Registered in 0.000884 seconds.
Begin MonoManager ReloadAssembly
Native extension for WindowsStandalone target not found
Refreshing native plugins compatible for Editor in 0.43 ms, found 1 plugins.
Preloading 0 native plugins for Editor in 0.00 ms.
Invoked RoslynAnalysisRunner static constructor.
RoslynAnalysisRunner will not be running.
RoslynAnalysisRunner has terminated.
Mono: successfully reloaded assembly
- Completed reload, in  0.763 seconds
Platform modules already initialized, skipping
Refreshing native plugins compatible for Editor in 0.45 ms, found 1 plugins.
Preloading 0 native plugins for Editor in 0.00 ms.
Unloading 2543 Unused Serialized files (Serialized files now loaded: 0)
System memory in use before: 108.9 MB.
System memory in use after: 109.1 MB.

Unloading 8 unused Assets to reduce memory usage. Loaded Objects now: 3019.
Total: 1.807800 ms (FindLiveObjects: 0.287500 ms CreateObjectMapping: 0.130700 ms MarkObjects: 1.377100 ms  DeleteObjects: 0.011800 ms)

========================================================================
Received Prepare
Registering precompiled user dll's ...
Registered in 0.000870 seconds.
Begin MonoManager ReloadAssembly
Native extension for WindowsStandalone target not found
Refreshing native plugins compatible for Editor in 0.42 ms, found 1 plugins.
Preloading 0 native plugins for Editor in 0.00 ms.
Invoked RoslynAnalysisRunner static constructor.
RoslynAnalysisRunner will not be running.
RoslynAnalysisRunner has terminated.
Mono: successfully reloaded assembly
- Completed reload, in  0.760 seconds
Platform modules already initialized, skipping
Refreshing native plugins compatible for Editor in 0.42 ms, found 1 plugins.
Preloading 0 native plugins for Editor in 0.00 ms.
Unloading 2543 Unused Serialized files (Serialized files now loaded: 0)
System memory in use before: 109.2 MB.
System memory in use after: 109.4 MB.

Unloading 8 unused Assets to reduce memory usage. Loaded Objects now: 3021.
Total: 1.911300 ms (FindLiveObjects: 0.311900 ms CreateObjectMapping: 0.151400 ms MarkObjects: 1.434300 ms  DeleteObjects: 0.012400 ms)

========================================================================
Received Prepare
Registering precompiled user dll's ...
Registered in 0.000907 seconds.
Begin MonoManager ReloadAssembly
Native extension for WindowsStandalone target not found
Refreshing native plugins compatible for Editor in 0.43 ms, found 1 plugins.
Preloading 0 native plugins for Editor in 0.00 ms.
Invoked RoslynAnalysisRunner static constructor.
RoslynAnalysisRunner will not be running.
RoslynAnalysisRunner has terminated.
Mono: successfully reloaded assembly
- Completed reload, in  0.799 seconds
Platform modules already initialized, skipping
Refreshing native plugins compatible for Editor in 0.46 ms, found 1 plugins.
Preloading 0 native plugins for Editor in 0.00 ms.
Unloading 2543 Unused Serialized files (Serialized files now loaded: 0)
System memory in use before: 109.4 MB.
System memory in use after: 109.6 MB.

Unloading 8 unused Assets to reduce memory usage. Loaded Objects now: 3023.
Total: 1.863600 ms (FindLiveObjects: 0.243600 ms CreateObjectMapping: 0.127800 ms MarkObjects: 1.478300 ms  DeleteObjects: 0.012800 ms)

========================================================================
Received Prepare
Registering precompiled user dll's ...
Registered in 0.000897 seconds.
Begin MonoManager ReloadAssembly
Native extension for WindowsStandalone target not found
Refreshing native plugins compatible for Editor in 0.44 ms, found 1 plugins.
Preloading 0 native plugins for Editor in 0.00 ms.
Invoked RoslynAnalysisRunner static constructor.
RoslynAnalysisRunner will not be running.
RoslynAnalysisRunner has terminated.
Mono: successfully reloaded assembly
- Completed reload, in  0.752 seconds
Platform modules already initialized, skipping
Refreshing native plugins compatible for Editor in 0.45 ms, found 1 plugins.
Preloading 0 native plugins for Editor in 0.00 ms.
Unloading 2543 Unused Serialized files (Serialized files now loaded: 0)
System memory in use before: 109.5 MB.
System memory in use after: 109.8 MB.

Unloading 8 unused Assets to reduce memory usage. Loaded Objects now: 3025.
Total: 1.868000 ms (FindLiveObjects: 0.273800 ms CreateObjectMapping: 0.126400 ms MarkObjects: 1.454500 ms  DeleteObjects: 0.012500 ms)

========================================================================
Received Prepare
Registering precompiled user dll's ...
Registered in 0.000850 seconds.
Begin MonoManager ReloadAssembly
Native extension for WindowsStandalone target not found
Refreshing native plugins compatible for Editor in 0.42 ms, found 1 plugins.
Preloading 0 native plugins for Editor in 0.00 ms.
Invoked RoslynAnalysisRunner static constructor.
RoslynAnalysisRunner will not be running.
RoslynAnalysisRunner has terminated.
Mono: successfully reloaded assembly
- Completed reload, in  0.754 seconds
Platform modules already initialized, skipping
Refreshing native plugins compatible for Editor in 0.42 ms, found 1 plugins.
Preloading 0 native plugins for Editor in 0.00 ms.
Unloading 2543 Unused Serialized files (Serialized files now loaded: 0)
System memory in use before: 109.7 MB.
System memory in use after: 109.9 MB.

Unloading 8 unused Assets to reduce memory usage. Loaded Objects now: 3027.
Total: 2.197700 ms (FindLiveObjects: 0.412800 ms CreateObjectMapping: 0.213200 ms MarkObjects: 1.555600 ms  DeleteObjects: 0.015000 ms)

========================================================================
Received Prepare
Registering precompiled user dll's ...
Registered in 0.000949 seconds.
Begin MonoManager ReloadAssembly
Native extension for WindowsStandalone target not found
Refreshing native plugins compatible for Editor in 0.43 ms, found 1 plugins.
Preloading 0 native plugins for Editor in 0.00 ms.
Invoked RoslynAnalysisRunner static constructor.
RoslynAnalysisRunner will not be running.
RoslynAnalysisRunner has terminated.
Mono: successfully reloaded assembly
- Completed reload, in  0.774 seconds
Platform modules already initialized, skipping
Refreshing native plugins compatible for Editor in 0.46 ms, found 1 plugins.
Preloading 0 native plugins for Editor in 0.00 ms.
Unloading 2543 Unused Serialized files (Serialized files now loaded: 0)
System memory in use before: 109.8 MB.
System memory in use after: 110.0 MB.

Unloading 8 unused Assets to reduce memory usage. Loaded Objects now: 3029.
Total: 2.286300 ms (FindLiveObjects: 0.480600 ms CreateObjectMapping: 0.213300 ms MarkObjects: 1.578000 ms  DeleteObjects: 0.013300 ms)

========================================================================
Received Prepare
Registering precompiled user dll's ...
Registered in 0.000855 seconds.
Begin MonoManager ReloadAssembly
Native extension for WindowsStandalone target not found
Refreshing native plugins compatible for Editor in 0.42 ms, found 1 plugins.
Preloading 0 native plugins for Editor in 0.00 ms.
Invoked RoslynAnalysisRunner static constructor.
RoslynAnalysisRunner will not be running.
RoslynAnalysisRunner has terminated.
Mono: successfully reloaded assembly
- Completed reload, in  0.755 seconds
Platform modules already initialized, skipping
Refreshing native plugins compatible for Editor in 0.43 ms, found 1 plugins.
Preloading 0 native plugins for Editor in 0.00 ms.
Unloading 2543 Unused Serialized files (Serialized files now loaded: 0)
System memory in use before: 110.0 MB.
System memory in use after: 110.2 MB.

Unloading 8 unused Assets to reduce memory usage. Loaded Objects now: 3031.
Total: 1.904600 ms (FindLiveObjects: 0.313200 ms CreateObjectMapping: 0.142400 ms MarkObjects: 1.435200 ms  DeleteObjects: 0.012900 ms)

========================================================================
Received Prepare
Registering precompiled user dll's ...
Registered in 0.000870 seconds.
Begin MonoManager ReloadAssembly
Native extension for WindowsStandalone target not found
Refreshing native plugins compatible for Editor in 0.43 ms, found 1 plugins.
Preloading 0 native plugins for Editor in 0.00 ms.
Invoked RoslynAnalysisRunner static constructor.
RoslynAnalysisRunner will not be running.
RoslynAnalysisRunner has terminated.
Mono: successfully reloaded assembly
- Completed reload, in  0.782 seconds
Platform modules already initialized, skipping
Refreshing native plugins compatible for Editor in 0.48 ms, found 1 plugins.
Preloading 0 native plugins for Editor in 0.00 ms.
Unloading 2543 Unused Serialized files (Serialized files now loaded: 0)
System memory in use before: 110.2 MB.
System memory in use after: 110.4 MB.

Unloading 8 unused Assets to reduce memory usage. Loaded Objects now: 3033.
Total: 2.010200 ms (FindLiveObjects: 0.324500 ms CreateObjectMapping: 0.149800 ms MarkObjects: 1.521700 ms  DeleteObjects: 0.013400 ms)

========================================================================
Received Prepare
Registering precompiled user dll's ...
Registered in 0.000862 seconds.
Begin MonoManager ReloadAssembly
Native extension for WindowsStandalone target not found
Refreshing native plugins compatible for Editor in 0.42 ms, found 1 plugins.
Preloading 0 native plugins for Editor in 0.00 ms.
Invoked RoslynAnalysisRunner static constructor.
RoslynAnalysisRunner will not be running.
RoslynAnalysisRunner has terminated.
Mono: successfully reloaded assembly
- Completed reload, in  0.744 seconds
Platform modules already initialized, skipping
Refreshing native plugins compatible for Editor in 0.41 ms, found 1 plugins.
Preloading 0 native plugins for Editor in 0.00 ms.
Unloading 2543 Unused Serialized files (Serialized files now loaded: 0)
System memory in use before: 110.3 MB.
System memory in use after: 110.6 MB.

Unloading 8 unused Assets to reduce memory usage. Loaded Objects now: 3035.
Total: 2.249600 ms (FindLiveObjects: 0.425500 ms CreateObjectMapping: 0.208800 ms MarkObjects: 1.600900 ms  DeleteObjects: 0.013000 ms)

========================================================================
Received Prepare
Registering precompiled user dll's ...
Registered in 0.000871 seconds.
Begin MonoManager ReloadAssembly
Native extension for WindowsStandalone target not found
Refreshing native plugins compatible for Editor in 0.48 ms, found 1 plugins.
Preloading 0 native plugins for Editor in 0.00 ms.
Invoked RoslynAnalysisRunner static constructor.
RoslynAnalysisRunner will not be running.
RoslynAnalysisRunner has terminated.
Mono: successfully reloaded assembly
- Completed reload, in  0.750 seconds
Platform modules already initialized, skipping
Refreshing native plugins compatible for Editor in 0.42 ms, found 1 plugins.
Preloading 0 native plugins for Editor in 0.00 ms.
Unloading 2543 Unused Serialized files (Serialized files now loaded: 0)
System memory in use before: 110.5 MB.
System memory in use after: 110.7 MB.

Unloading 8 unused Assets to reduce memory usage. Loaded Objects now: 3037.
Total: 1.811500 ms (FindLiveObjects: 0.250400 ms CreateObjectMapping: 0.114400 ms MarkObjects: 1.433600 ms  DeleteObjects: 0.012300 ms)

========================================================================
Received Prepare
Registering precompiled user dll's ...
Registered in 0.000954 seconds.
Begin MonoManager ReloadAssembly
Native extension for WindowsStandalone target not found
Refreshing native plugins compatible for Editor in 0.52 ms, found 1 plugins.
Preloading 0 native plugins for Editor in 0.00 ms.
Invoked RoslynAnalysisRunner static constructor.
RoslynAnalysisRunner will not be running.
RoslynAnalysisRunner has terminated.
Mono: successfully reloaded assembly
- Completed reload, in  0.795 seconds
Platform modules already initialized, skipping
Refreshing native plugins compatible for Editor in 0.43 ms, found 1 plugins.
Preloading 0 native plugins for Editor in 0.00 ms.
Unloading 2543 Unused Serialized files (Serialized files now loaded: 0)
System memory in use before: 110.7 MB.
System memory in use after: 110.9 MB.

Unloading 8 unused Assets to reduce memory usage. Loaded Objects now: 3039.
Total: 1.988700 ms (FindLiveObjects: 0.299100 ms CreateObjectMapping: 0.146500 ms MarkObjects: 1.529000 ms  DeleteObjects: 0.013100 ms)

AssetImportWorkerClient::OnTransportError - code=2 error=End of file
